2025-12-05 22:19:13,175 INFO POST /recipes -> 200
2025-12-05 22:35:32,256 WARNING API error: code=not_found path=/items/999
2025-12-05 22:35:32,256 INFO GET /items/999 -> 404
2025-12-05 22:35:32,256 INFO HTTP Request: GET http://testserver/items/999 "HTTP/1.1 404 Not Found"
2025-12-05 22:35:32,261 WARNING API error: code=validation_error path=/items
2025-12-05 22:35:32,261 INFO POST /items -> 422
2025-12-05 22:35:32,261 INFO HTTP Request: POST http://testserver/items?name= "HTTP/1.1 422 Unprocessable Entity"
2025-12-05 22:35:32,264 INFO GET /health -> 200
2025-12-05 22:35:32,265 INFO HTTP Request: GET http://testserver/health "HTTP/1.1 200 OK"
2025-12-05 22:36:34,789 WARNING API error: code=not_found path=/items/999
2025-12-05 22:36:34,789 INFO request method=GET path=/items/999 status=404
2025-12-05 22:36:34,790 INFO HTTP Request: GET http://testserver/items/999 "HTTP/1.1 404 Not Found"
2025-12-05 22:36:34,793 WARNING API error: code=validation_error path=/items
2025-12-05 22:36:34,793 INFO request method=POST path=/items status=422
2025-12-05 22:36:34,793 INFO HTTP Request: POST http://testserver/items?name= "HTTP/1.1 422 Unprocessable Entity"
2025-12-05 22:36:34,796 INFO request method=GET path=/health status=200
2025-12-05 22:36:34,796 INFO HTTP Request: GET http://testserver/health "HTTP/1.1 200 OK"
2025-12-05 22:42:59,595 INFO request method=POST path=/recipes status=200
2025-12-05 22:43:35,367 WARNING API error: code=not_found path=/items/999
2025-12-05 22:43:35,367 INFO request method=GET path=/items/999 status=404
2025-12-05 22:43:35,368 INFO HTTP Request: GET http://testserver/items/999 "HTTP/1.1 404 Not Found"
2025-12-05 22:43:35,371 WARNING API error: code=validation_error path=/items
2025-12-05 22:43:35,371 INFO request method=POST path=/items status=422
2025-12-05 22:43:35,372 INFO HTTP Request: POST http://testserver/items?name= "HTTP/1.1 422 Unprocessable Entity"
2025-12-05 22:43:35,375 INFO request method=GET path=/health status=200
2025-12-05 22:43:35,375 INFO HTTP Request: GET http://testserver/health "HTTP/1.1 200 OK"
2025-12-06 17:49:51,405 WARNING API error: code=not_found path=/items/999
2025-12-06 17:49:51,405 INFO request method=GET path=/items/999 status=404
2025-12-06 17:49:51,405 INFO HTTP Request: GET http://testserver/items/999 "HTTP/1.1 404 Not Found"
2025-12-06 17:49:51,408 WARNING API error: code=validation_error path=/items
2025-12-06 17:49:51,408 INFO request method=POST path=/items status=422
2025-12-06 17:49:51,409 INFO HTTP Request: POST http://testserver/items?name= "HTTP/1.1 422 Unprocessable Entity"
2025-12-06 17:49:51,411 INFO request method=GET path=/health status=200
2025-12-06 17:49:51,412 INFO HTTP Request: GET http://testserver/health "HTTP/1.1 200 OK"
2025-12-06 17:50:53,289 WARNING API error: code=not_found path=/items/999
2025-12-06 17:50:53,289 INFO request method=GET path=/items/999 status=404
2025-12-06 17:50:53,290 INFO HTTP Request: GET http://testserver/items/999 "HTTP/1.1 404 Not Found"
2025-12-06 17:50:53,292 WARNING API error: code=validation_error path=/items
2025-12-06 17:50:53,293 INFO request method=POST path=/items status=422
2025-12-06 17:50:53,293 INFO HTTP Request: POST http://testserver/items?name= "HTTP/1.1 422 Unprocessable Entity"
2025-12-06 17:50:53,295 INFO request method=GET path=/health status=200
2025-12-06 17:50:53,296 INFO HTTP Request: GET http://testserver/health "HTTP/1.1 200 OK"
2025-12-06 17:58:58,311 WARNING API error: code=not_found path=/items/999
2025-12-06 17:58:58,311 INFO request method=GET path=/items/999 status=404
2025-12-06 17:58:58,312 INFO HTTP Request: GET http://testserver/items/999 "HTTP/1.1 404 Not Found"
2025-12-06 17:58:58,315 WARNING API error: code=validation_error path=/items
2025-12-06 17:58:58,315 INFO request method=POST path=/items status=422
2025-12-06 17:58:58,315 INFO HTTP Request: POST http://testserver/items?name= "HTTP/1.1 422 Unprocessable Entity"
2025-12-06 17:58:58,318 INFO request method=GET path=/health status=200
2025-12-06 17:58:58,319 INFO HTTP Request: GET http://testserver/health "HTTP/1.1 200 OK"
2025-12-14 16:11:12,354 INFO request method=GET path=/debug/echo status=200
2025-12-14 16:31:30,655 INFO request method=GET path=/debug/echo status=404
2025-12-14 16:33:16,891 INFO request method=GET path=/debug/echo status=404
2025-12-14 16:33:58,088 INFO request method=GET path=/docs status=200
2025-12-14 16:34:02,488 INFO request method=GET path=/openapi.json status=200
2025-12-14 16:34:02,489 INFO request method=GET path=/apple-touch-icon-precomposed.png status=404
2025-12-14 16:34:02,490 INFO request method=GET path=/apple-touch-icon.png status=404
2025-12-14 16:35:11,474 INFO request method=GET path=/debug/xss status=200
2025-12-14 16:51:09,069 INFO request method=GET path=/debug/xss status=200
