Compose can now delegate builds to bake for better performance.
 To do so, set COMPOSE_BAKE=true.
#0 building with "desktop-linux" instance using docker driver

#1 [web internal] load build definition from Dockerfile
#1 transferring dockerfile: 721B done
#1 DONE 0.0s

#2 [web internal] load metadata for docker.io/library/python:3.11.6-slim
#2 ...

#3 [web auth] library/python:pull token for registry-1.docker.io
#3 DONE 0.0s

#2 [web internal] load metadata for docker.io/library/python:3.11.6-slim
#2 DONE 2.5s

#4 [web internal] load .dockerignore
#4 transferring context: 290B done
#4 DONE 0.0s

#5 [web internal] load build context
#5 transferring context: 1.30kB done
#5 DONE 0.0s

#6 [web build 1/5] FROM docker.io/library/python:3.11.6-slim@sha256:cc758519481092eb5a4a5ab0c1b303e288880d59afc601958d19e95b300bc86b
#6 resolve docker.io/library/python:3.11.6-slim@sha256:cc758519481092eb5a4a5ab0c1b303e288880d59afc601958d19e95b300bc86b 0.0s done
#6 DONE 0.0s

#7 [web build 2/5] WORKDIR /app
#7 CACHED

#8 [web build 3/5] COPY requirements.txt ./
#8 CACHED

#9 [web build 4/5] RUN pip install --no-cache-dir -r requirements.txt
#9 CACHED

#10 [web build 5/5] COPY app ./app
#10 DONE 0.1s

#11 [web stage-1 4/7] RUN chown -R appuser:appuser /app
#11 CACHED

#12 [web stage-1 5/7] COPY --from=build /usr/local/lib/python3.11 /usr/local/lib/python3.11
#12 CACHED

#13 [web stage-1 3/7] RUN useradd -m -u 10001 appuser
#13 CACHED

#14 [web stage-1 6/7] COPY --from=build /usr/local/bin /usr/local/bin
#14 CACHED

#15 [web stage-1 7/7] COPY app ./app
#15 DONE 0.0s

#16 [web] exporting to image
#16 exporting layers 0.0s done
#16 exporting manifest sha256:cd4d89c470e628a11fc764dafd357dd8c3378957e2d43a27e124941b15640dde done
#16 exporting config sha256:8ae624f40214d74cca6966bfa335aaf275cf320dfc453d74a1ae6e1dc61f4630 done
#16 exporting attestation manifest sha256:9071f3c3516618bd4e1e84adbafbf05cb923e5c7ceff2a83e4ad2ccc6986382f done
#16 exporting manifest list sha256:27f67684f750a843a9e3563d3b884a6bb7ba345e0a27b3afd882b13e7c22aa62 done
#16 naming to docker.io/library/hse-secdev-web:latest done
#16 unpacking to docker.io/library/hse-secdev-web:latest 0.0s done
#16 DONE 0.1s

#17 [web] resolving provenance for metadata file
#17 DONE 0.0s
